[debug] [2017-10-05T02:30:43.960Z] ----------------------------------------------------------------------
[debug] [2017-10-05T02:30:43.962Z] Command:       C:\Program Files\nodejs\node.exe C:\Users\Jaffa\AppData\Roaming\npm\node_modules\firebase-tools\bin\firebase serve
[debug] [2017-10-05T02:30:43.963Z] CLI Version:   3.12.0
[debug] [2017-10-05T02:30:43.963Z] Platform:      win32
[debug] [2017-10-05T02:30:43.963Z] Node Version:  v6.11.1
[debug] [2017-10-05T02:30:43.963Z] Time:          Wed Oct 04 2017 19:30:43 GMT-0700 (Pacific Daylight Time)
[debug] [2017-10-05T02:30:43.963Z] ----------------------------------------------------------------------
[debug] 
[debug] [2017-10-05T02:30:43.973Z] > command requires scopes: ["email","openid","https://www.googleapis.com/auth/cloudplatformprojects.readonly","https://www.googleapis.com/auth/firebase","https://www.googleapis.com/auth/cloud-platform"]
[debug] [2017-10-05T02:30:43.973Z] > authorizing via signed-in user
[debug] [2017-10-05T02:30:43.975Z] > refreshing access token with scopes: ["email","https://www.googleapis.com/auth/cloud-platform","https://www.googleapis.com/auth/cloudplatformprojects.readonly","https://www.googleapis.com/auth/firebase","openid"]
[debug] [2017-10-05T02:30:43.975Z] >>> HTTP REQUEST POST https://www.googleapis.com/oauth2/v3/token { refresh_token: '1/H2EK0gtyiyY_f7l1Il4hVtTcBi-OTJDgEw8dGBt7_046348oGzskolooyNTVVI6V',
  client_id: '563584335869-fgrhgmd47bqnekij5i8b5pr03ho849e6.apps.googleusercontent.com',
  client_secret: 'j9iVZfS8kkCEFUPaAeJV0sAi',
  grant_type: 'refresh_token',
  scope: 'email https://www.googleapis.com/auth/cloud-platform https://www.googleapis.com/auth/cloudplatformprojects.readonly https://www.googleapis.com/auth/firebase openid' } 
 Wed Oct 04 2017 19:30:43 GMT-0700 (Pacific Daylight Time)
[debug] [2017-10-05T02:30:44.110Z] <<< HTTP RESPONSE 200
[debug] [2017-10-05T02:30:44.116Z] >>> HTTP REQUEST GET https://admin.firebase.com/v1/projects/nadir-37f82  
 Wed Oct 04 2017 19:30:44 GMT-0700 (Pacific Daylight Time)
[debug] [2017-10-05T02:30:44.454Z] <<< HTTP RESPONSE 200
[debug] [2017-10-05T02:30:44.455Z] >>> HTTP REQUEST GET https://admin.firebase.com/v1/database/nadir-37f82/tokens  
 Wed Oct 04 2017 19:30:44 GMT-0700 (Pacific Daylight Time)
[debug] [2017-10-05T02:31:32.515Z] <<< HTTP RESPONSE 200
[info] 
[info] === Serving from 'C:\Users\Jaffa\Desktop\foodie'...
[info] 
[debug] [2017-10-05T02:31:32.518Z] >>> HTTP REQUEST GET https://cloudresourcemanager.googleapis.com/v1/projects/nadir-37f82  
 Wed Oct 04 2017 19:31:32 GMT-0700 (Pacific Daylight Time)
[debug] [2017-10-05T02:31:32.990Z] <<< HTTP RESPONSE 200
[debug] [2017-10-05T02:31:32.990Z] >>> HTTP REQUEST GET https://mobilesdk-pa.googleapis.com/v1/projects/78288137533/clients/_:getWebAppConfig  
 Wed Oct 04 2017 19:31:32 GMT-0700 (Pacific Daylight Time)
[debug] [2017-10-05T02:31:33.342Z] <<< HTTP RESPONSE 200
[info] i  hosting: Serving hosting files from: /
[info] +  hosting: Local server: http://localhost:5000

[info] Shutting down...
[debug] [2017-10-05T03:04:25.930Z] ----------------------------------------------------------------------
[debug] [2017-10-05T03:04:25.932Z] Command:       C:\Program Files\nodejs\node.exe C:\Users\Jaffa\AppData\Roaming\npm\node_modules\firebase-tools\bin\firebase serve
[debug] [2017-10-05T03:04:25.933Z] CLI Version:   3.12.0
[debug] [2017-10-05T03:04:25.933Z] Platform:      win32
[debug] [2017-10-05T03:04:25.933Z] Node Version:  v6.11.1
[debug] [2017-10-05T03:04:25.934Z] Time:          Wed Oct 04 2017 20:04:25 GMT-0700 (Pacific Daylight Time)
[debug] [2017-10-05T03:04:25.934Z] ----------------------------------------------------------------------
[debug] 
[debug] [2017-10-05T03:04:25.944Z] > command requires scopes: ["email","openid","https://www.googleapis.com/auth/cloudplatformprojects.readonly","https://www.googleapis.com/auth/firebase","https://www.googleapis.com/auth/cloud-platform"]
[debug] [2017-10-05T03:04:25.945Z] > authorizing via signed-in user
[debug] [2017-10-05T03:04:25.946Z] >>> HTTP REQUEST GET https://admin.firebase.com/v1/projects/nadir-37f82  
 Wed Oct 04 2017 20:04:25 GMT-0700 (Pacific Daylight Time)
[debug] [2017-10-05T03:04:26.414Z] <<< HTTP RESPONSE 200
[debug] [2017-10-05T03:04:26.415Z] >>> HTTP REQUEST GET https://admin.firebase.com/v1/database/nadir-37f82/tokens  
 Wed Oct 04 2017 20:04:26 GMT-0700 (Pacific Daylight Time)
[debug] [2017-10-05T03:04:26.747Z] <<< HTTP RESPONSE 200
[info] 
[info] === Serving from 'C:\Users\Jaffa\Desktop\foodie'...
[info] 
[debug] [2017-10-05T03:04:26.758Z] >>> HTTP REQUEST GET https://cloudresourcemanager.googleapis.com/v1/projects/nadir-37f82  
 Wed Oct 04 2017 20:04:26 GMT-0700 (Pacific Daylight Time)
[debug] [2017-10-05T03:04:27.203Z] <<< HTTP RESPONSE 200
[debug] [2017-10-05T03:04:27.204Z] >>> HTTP REQUEST GET https://mobilesdk-pa.googleapis.com/v1/projects/78288137533/clients/_:getWebAppConfig  
 Wed Oct 04 2017 20:04:27 GMT-0700 (Pacific Daylight Time)
[debug] [2017-10-05T03:04:27.650Z] <<< HTTP RESPONSE 200
[info] i  hosting: Serving hosting files from: /
[info] +  hosting: Local server: http://localhost:5000

[debug] [2017-10-10T00:42:34.868Z] ----------------------------------------------------------------------
[debug] [2017-10-10T00:42:34.870Z] Command:       C:\Program Files\nodejs\node.exe C:\Users\Jaffa\AppData\Roaming\npm\node_modules\firebase-tools\bin\firebase serve
[debug] [2017-10-10T00:42:34.871Z] CLI Version:   3.13.1
[debug] [2017-10-10T00:42:34.871Z] Platform:      win32
[debug] [2017-10-10T00:42:34.871Z] Node Version:  v6.11.1
[debug] [2017-10-10T00:42:34.871Z] Time:          Mon Oct 09 2017 17:42:34 GMT-0700 (Pacific Daylight Time)
[debug] [2017-10-10T00:42:34.872Z] ----------------------------------------------------------------------
[debug] 
[debug] [2017-10-10T00:42:34.883Z] > command requires scopes: ["email","openid","https://www.googleapis.com/auth/cloudplatformprojects.readonly","https://www.googleapis.com/auth/firebase","https://www.googleapis.com/auth/cloud-platform"]
[debug] [2017-10-10T00:42:34.884Z] > authorizing via signed-in user
[debug] [2017-10-10T00:42:34.886Z] >>> HTTP REQUEST GET https://admin.firebase.com/v1/projects/nadir-37f82  
 Mon Oct 09 2017 17:42:34 GMT-0700 (Pacific Daylight Time)
[debug] [2017-10-10T00:42:35.220Z] <<< HTTP RESPONSE 200
[debug] [2017-10-10T00:42:35.221Z] >>> HTTP REQUEST GET https://admin.firebase.com/v1/database/nadir-37f82/tokens  
 Mon Oct 09 2017 17:42:35 GMT-0700 (Pacific Daylight Time)
[debug] [2017-10-10T00:42:35.607Z] <<< HTTP RESPONSE 200
[info] 
[info] === Serving from 'C:\Users\Jaffa\Desktop\foodie'...
[info] 
[debug] [2017-10-10T00:42:35.611Z] >>> HTTP REQUEST GET https://cloudresourcemanager.googleapis.com/v1/projects/nadir-37f82  
 Mon Oct 09 2017 17:42:35 GMT-0700 (Pacific Daylight Time)
[debug] [2017-10-10T00:42:36.007Z] <<< HTTP RESPONSE 200
[debug] [2017-10-10T00:42:36.007Z] >>> HTTP REQUEST GET https://mobilesdk-pa.googleapis.com/v1/projects/78288137533/clients/_:getWebAppConfig  
 Mon Oct 09 2017 17:42:36 GMT-0700 (Pacific Daylight Time)
[debug] [2017-10-10T00:42:36.269Z] <<< HTTP RESPONSE 200
[info] i  hosting: Serving hosting files from: /
[info] +  hosting: Local server: http://localhost:5000

[info] Shutting down...
[debug] [2017-10-10T00:51:25.178Z] ----------------------------------------------------------------------
[debug] [2017-10-10T00:51:25.180Z] Command:       C:\Program Files\nodejs\node.exe C:\Users\Jaffa\AppData\Roaming\npm\node_modules\firebase-tools\bin\firebase serve
[debug] [2017-10-10T00:51:25.181Z] CLI Version:   3.13.1
[debug] [2017-10-10T00:51:25.181Z] Platform:      win32
[debug] [2017-10-10T00:51:25.181Z] Node Version:  v6.11.1
[debug] [2017-10-10T00:51:25.181Z] Time:          Mon Oct 09 2017 17:51:25 GMT-0700 (Pacific Daylight Time)
[debug] [2017-10-10T00:51:25.181Z] ----------------------------------------------------------------------
[debug] 
[debug] [2017-10-10T00:51:25.193Z] > command requires scopes: ["email","openid","https://www.googleapis.com/auth/cloudplatformprojects.readonly","https://www.googleapis.com/auth/firebase","https://www.googleapis.com/auth/cloud-platform"]
[debug] [2017-10-10T00:51:25.193Z] > authorizing via signed-in user
[debug] [2017-10-10T00:51:25.195Z] >>> HTTP REQUEST GET https://admin.firebase.com/v1/projects/nadir-37f82  
 Mon Oct 09 2017 17:51:25 GMT-0700 (Pacific Daylight Time)
[debug] [2017-10-10T00:51:25.605Z] <<< HTTP RESPONSE 200
[debug] [2017-10-10T00:51:25.606Z] >>> HTTP REQUEST GET https://admin.firebase.com/v1/database/nadir-37f82/tokens  
 Mon Oct 09 2017 17:51:25 GMT-0700 (Pacific Daylight Time)
[debug] [2017-10-10T00:51:25.962Z] <<< HTTP RESPONSE 200
[info] 
[info] === Serving from 'C:\Users\Jaffa\Desktop\foodie'...
[info] 
[debug] [2017-10-10T00:51:25.965Z] >>> HTTP REQUEST GET https://cloudresourcemanager.googleapis.com/v1/projects/nadir-37f82  
 Mon Oct 09 2017 17:51:25 GMT-0700 (Pacific Daylight Time)
[debug] [2017-10-10T00:51:26.277Z] <<< HTTP RESPONSE 200
[debug] [2017-10-10T00:51:26.277Z] >>> HTTP REQUEST GET https://mobilesdk-pa.googleapis.com/v1/projects/78288137533/clients/_:getWebAppConfig  
 Mon Oct 09 2017 17:51:26 GMT-0700 (Pacific Daylight Time)
[debug] [2017-10-10T00:51:26.589Z] <<< HTTP RESPONSE 200
[info] i  hosting: Serving hosting files from: /
[info] +  hosting: Local server: http://localhost:5000

[info] Shutting down...
[debug] [2017-10-10T00:54:34.861Z] ----------------------------------------------------------------------
[debug] [2017-10-10T00:54:34.863Z] Command:       C:\Program Files\nodejs\node.exe C:\Users\Jaffa\AppData\Roaming\npm\node_modules\firebase-tools\bin\firebase serve
[debug] [2017-10-10T00:54:34.864Z] CLI Version:   3.13.1
[debug] [2017-10-10T00:54:34.864Z] Platform:      win32
[debug] [2017-10-10T00:54:34.864Z] Node Version:  v6.11.1
[debug] [2017-10-10T00:54:34.864Z] Time:          Mon Oct 09 2017 17:54:34 GMT-0700 (Pacific Daylight Time)
[debug] [2017-10-10T00:54:34.864Z] ----------------------------------------------------------------------
[debug] 
[debug] [2017-10-10T00:54:34.874Z] > command requires scopes: ["email","openid","https://www.googleapis.com/auth/cloudplatformprojects.readonly","https://www.googleapis.com/auth/firebase","https://www.googleapis.com/auth/cloud-platform"]
[debug] [2017-10-10T00:54:34.875Z] > authorizing via signed-in user
[debug] [2017-10-10T00:54:34.876Z] >>> HTTP REQUEST GET https://admin.firebase.com/v1/projects/nadir-37f82  
 Mon Oct 09 2017 17:54:34 GMT-0700 (Pacific Daylight Time)
[debug] [2017-10-10T00:54:35.405Z] <<< HTTP RESPONSE 200
[debug] [2017-10-10T00:54:35.406Z] >>> HTTP REQUEST GET https://admin.firebase.com/v1/database/nadir-37f82/tokens  
 Mon Oct 09 2017 17:54:35 GMT-0700 (Pacific Daylight Time)
[debug] [2017-10-10T00:54:35.772Z] <<< HTTP RESPONSE 200
[info] 
[info] === Serving from 'C:\Users\Jaffa\Desktop\foodie'...
[info] 
[debug] [2017-10-10T00:54:35.776Z] >>> HTTP REQUEST GET https://cloudresourcemanager.googleapis.com/v1/projects/nadir-37f82  
 Mon Oct 09 2017 17:54:35 GMT-0700 (Pacific Daylight Time)
[debug] [2017-10-10T00:54:36.146Z] <<< HTTP RESPONSE 200
[debug] [2017-10-10T00:54:36.146Z] >>> HTTP REQUEST GET https://mobilesdk-pa.googleapis.com/v1/projects/78288137533/clients/_:getWebAppConfig  
 Mon Oct 09 2017 17:54:36 GMT-0700 (Pacific Daylight Time)
[debug] [2017-10-10T00:54:36.458Z] <<< HTTP RESPONSE 200
[info] i  hosting: Serving hosting files from: /
[info] +  hosting: Local server: http://localhost:5000

